<?xml version="1.0" encoding="UTF-8"?>
<TestRun id="6650ba96-56e7-47b3-8dfb-6bdcc0d0d63d" name="VEYTIA@VEYTIA 2018-08-05 14:34:05" runUser="VEYTIA\VEYTIA" xmlns="http://microsoft.com/schemas/VisualStudio/TeamTest/2010">
  <Times creation="2018-08-05T14:34:05.2380368-05:00" queuing="2018-08-05T14:34:05.2380368-05:00" start="2018-08-05T14:34:05.2480306-05:00" finish="2018-08-05T14:34:05.3029999-05:00" />
  <TestSettings name="default" id="fc424dac-63b0-4c07-8210-a9948d6c18d8">
    <Execution>
      <TestTypeSpecific />
    </Execution>
    <Deployment runDeploymentRoot="VEYTIA_VEYTIA 2018-08-05 14_34_05" />
    <Properties />
  </TestSettings>
  <Results>
    <UnitTestResult executionId="99c24042-35cb-4084-aac6-68ba6e953c1d" testId="8fab34b0-d9fb-3399-e2c5-065097af809c" testName="GetTheLattestDateAndMonth" computerName="VEYTIA" duration="00:00:58.0067941" startTime="2018-08-05T14:33:06.7523546-05:00" endTime="2018-08-05T14:34:04.8931579-05:00" testType="13cdc9d9-ddb5-4fa4-a97d-d965ccfc6d4b" outcome="Passed" testListId="8c84fa94-04c1-424b-9868-57a2d4851a1d" relativeResultsDirectory="99c24042-35cb-4084-aac6-68ba6e953c1d">
      <Output>
        <StdOut>-&gt; Using app.config
Given Home Page is displayed


-&gt; done: Disney_TestSteps.GivenHomePageIsDisplayed() (27.9s)
When User goes to the latest Date and Month
-&gt; done: Disney_TestSteps.WhenUserGoesToTheLatestDateAndMonth() (30.1s)
Then the result should be in the out put file
############# Disney World #########

____         January 2020     ___

###################################

-&gt; done: Disney_TestSteps.ThenTheResultShouldBeInTheOutPutFile() (0.0s)</StdOut>
      </Output>
    </UnitTestResult>
  </Results>
  <TestDefinitions>
    <UnitTest name="GetTheLattestDateAndMonth" storage="c:\users\veytia\desktop\desktop\aa_automationcsharerp\disneyworld\disneyworld\bin\debug\disneyworld.dll" id="8fab34b0-d9fb-3399-e2c5-065097af809c">
      <Execution id="99c24042-35cb-4084-aac6-68ba6e953c1d" />
      <TestMethod codeBase="C:\Users\VEYTIA\Desktop\Desktop\AA_AutomationCSHARERP\DisneyWorld\DisneyWorld\bin\Debug\DisneyWorld.dll" adapterTypeName="Microsoft.VisualStudio.TestTools.TestTypes.Unit.UnitTestAdapter" className="DisneyWorld.Test.DisneyTestFeatureFeature" name="GetTheLattestDateAndMonth" />
    </UnitTest>
  </TestDefinitions>
  <TestEntries>
    <TestEntry testId="8fab34b0-d9fb-3399-e2c5-065097af809c" executionId="99c24042-35cb-4084-aac6-68ba6e953c1d" testListId="8c84fa94-04c1-424b-9868-57a2d4851a1d" />
  </TestEntries>
  <TestLists>
    <TestList name="Results Not in a List" id="8c84fa94-04c1-424b-9868-57a2d4851a1d" />
    <TestList name="All Loaded Results" id="19431567-8539-422a-85d7-44ee4e166bda" />
  </TestLists>
  <ResultSummary outcome="Completed">
    <Counters total="1" executed="1" passed="1" failed="0" error="0" timeout="0" aborted="0" inconclusive="0" passedButRunAborted="0" notRunnable="0" notExecuted="0" disconnected="0" warning="0" completed="0" inProgress="0" pending="0" />
  </ResultSummary>
</TestRun>