<?xml version="1.0" encoding="UTF-8"?>
<TestRun id="f6c449b1-d874-4f52-a17e-182b708ff53c" name="VEYTIA@VEYTIA 2018-08-05 14:31:07" runUser="VEYTIA\VEYTIA" xmlns="http://microsoft.com/schemas/VisualStudio/TeamTest/2010">
  <Times creation="2018-08-05T14:31:07.6045900-05:00" queuing="2018-08-05T14:31:07.6045900-05:00" start="2018-08-05T14:31:07.6105775-05:00" finish="2018-08-05T14:31:07.6996668-05:00" />
  <TestSettings name="default" id="e6cb2190-411d-4e0a-9363-79ea5ed5b476">
    <Execution>
      <TestTypeSpecific />
    </Execution>
    <Deployment runDeploymentRoot="VEYTIA_VEYTIA 2018-08-05 14_31_07" />
    <Properties />
  </TestSettings>
  <Results>
    <UnitTestResult executionId="511b1a74-e77f-4402-b0f1-f2b4e55d932f" testId="466056cd-ec19-9ce5-c702-9e848970f08b" testName="CheckMultipleDate" computerName="VEYTIA" duration="00:02:25.8927653" startTime="2018-08-05T14:28:41.2450892-05:00" endTime="2018-08-05T14:31:07.2689300-05:00" testType="13cdc9d9-ddb5-4fa4-a97d-d965ccfc6d4b" outcome="Passed" testListId="8c84fa94-04c1-424b-9868-57a2d4851a1d" relativeResultsDirectory="511b1a74-e77f-4402-b0f1-f2b4e55d932f">
      <Output>
        <StdOut>-&gt; Using app.config
Given User Search in multiple Date and get the results


-&gt; done: Disney_TestSteps.GivenUserSearchInMultipleDateAndGetTheResults() (145.9s)</StdOut>
      </Output>
    </UnitTestResult>
  </Results>
  <TestDefinitions>
    <UnitTest name="CheckMultipleDate" storage="c:\users\veytia\desktop\desktop\aa_automationcsharerp\disneyworld\disneyworld\bin\debug\disneyworld.dll" id="466056cd-ec19-9ce5-c702-9e848970f08b">
      <Execution id="511b1a74-e77f-4402-b0f1-f2b4e55d932f" />
      <TestMethod codeBase="C:\Users\VEYTIA\Desktop\Desktop\AA_AutomationCSHARERP\DisneyWorld\DisneyWorld\bin\Debug\DisneyWorld.dll" adapterTypeName="Microsoft.VisualStudio.TestTools.TestTypes.Unit.UnitTestAdapter" className="DisneyWorld.Test.DisneyTestFeatureFeature" name="CheckMultipleDate" />
    </UnitTest>
  </TestDefinitions>
  <TestEntries>
    <TestEntry testId="466056cd-ec19-9ce5-c702-9e848970f08b" executionId="511b1a74-e77f-4402-b0f1-f2b4e55d932f" testListId="8c84fa94-04c1-424b-9868-57a2d4851a1d" />
  </TestEntries>
  <TestLists>
    <TestList name="Results Not in a List" id="8c84fa94-04c1-424b-9868-57a2d4851a1d" />
    <TestList name="All Loaded Results" id="19431567-8539-422a-85d7-44ee4e166bda" />
  </TestLists>
  <ResultSummary outcome="Completed">
    <Counters total="1" executed="1" passed="1" failed="0" error="0" timeout="0" aborted="0" inconclusive="0" passedButRunAborted="0" notRunnable="0" notExecuted="0" disconnected="0" warning="0" completed="0" inProgress="0" pending="0" />
  </ResultSummary>
</TestRun>